INFO:root:
Selector: High Level Strategy
| Sequence: Early Game Strategy
| | Check: check_early_game
| | Action: mass_expansion
| Sequence: Mid Game Strategy
| | Check: check_mid_game
| | Action: coordinated_expansion_strategy
| | Action: reinforce_weakest_planet
| Sequence: Late Game Strategy
| | Check: check_late_game
| | Action: coordinated_attack_strategy
| | Action: reinforce_weakest_planet
| Action: attack_weakest_enemy_planet

DEBUG:root:Executing:Selector: High Level Strategy
DEBUG:root:Executing:Sequence: Early Game Strategy
DEBUG:root:Executing:Check: check_early_game
DEBUG:root:Result: Check: check_early_game -> Success
DEBUG:root:Executing:Action: mass_expansion
DEBUG:root:Order:1 17 20.0
DEBUG:root:Order:1 18 20.0
DEBUG:root:Order:1 11 20.0
DEBUG:root:Order:1 12 20.0
DEBUG:root:Order:1 5 20.0
DEBUG:root:Result: Action: mass_expansion -> Success
DEBUG:root:Result: Sequence: Early Game Strategy -> Success
DEBUG:root:Result: Selector: High Level Strategy -> Success
DEBUG:root:Finish turn

DEBUG:root:Executing:Selector: High Level Strategy
DEBUG:root:Executing:Sequence: Early Game Strategy
DEBUG:root:Executing:Check: check_early_game
DEBUG:root:Result: Check: check_early_game -> Failure
DEBUG:root:Result: Sequence: Early Game Strategy -> Failure
DEBUG:root:Executing:Sequence: Mid Game Strategy
DEBUG:root:Executing:Check: check_mid_game
DEBUG:root:Result: Check: check_mid_game -> Failure
DEBUG:root:Result: Sequence: Mid Game Strategy -> Failure
DEBUG:root:Executing:Sequence: Late Game Strategy
DEBUG:root:Executing:Check: check_late_game
DEBUG:root:Result: Check: check_late_game -> Failure
DEBUG:root:Result: Sequence: Late Game Strategy -> Failure
DEBUG:root:Executing:Action: attack_weakest_enemy_planet
DEBUG:root:Result: Action: attack_weakest_enemy_planet -> Failure
DEBUG:root:Result: Selector: High Level Strategy -> Failure
DEBUG:root:Finish turn

DEBUG:root:Executing:Selector: High Level Strategy
DEBUG:root:Executing:Sequence: Early Game Strategy
DEBUG:root:Executing:Check: check_early_game
DEBUG:root:Result: Check: check_early_game -> Failure
DEBUG:root:Result: Sequence: Early Game Strategy -> Failure
DEBUG:root:Executing:Sequence: Mid Game Strategy
DEBUG:root:Executing:Check: check_mid_game
DEBUG:root:Result: Check: check_mid_game -> Failure
DEBUG:root:Result: Sequence: Mid Game Strategy -> Failure
DEBUG:root:Executing:Sequence: Late Game Strategy
DEBUG:root:Executing:Check: check_late_game
DEBUG:root:Result: Check: check_late_game -> Failure
DEBUG:root:Result: Sequence: Late Game Strategy -> Failure
DEBUG:root:Executing:Action: attack_weakest_enemy_planet
DEBUG:root:Result: Action: attack_weakest_enemy_planet -> Failure
DEBUG:root:Result: Selector: High Level Strategy -> Failure
DEBUG:root:Finish turn

DEBUG:root:Executing:Selector: High Level Strategy
DEBUG:root:Executing:Sequence: Early Game Strategy
DEBUG:root:Executing:Check: check_early_game
DEBUG:root:Result: Check: check_early_game -> Failure
DEBUG:root:Result: Sequence: Early Game Strategy -> Failure
DEBUG:root:Executing:Sequence: Mid Game Strategy
DEBUG:root:Executing:Check: check_mid_game
DEBUG:root:Result: Check: check_mid_game -> Failure
DEBUG:root:Result: Sequence: Mid Game Strategy -> Failure
DEBUG:root:Executing:Sequence: Late Game Strategy
DEBUG:root:Executing:Check: check_late_game
DEBUG:root:Result: Check: check_late_game -> Failure
DEBUG:root:Result: Sequence: Late Game Strategy -> Failure
DEBUG:root:Executing:Action: attack_weakest_enemy_planet
DEBUG:root:Result: Action: attack_weakest_enemy_planet -> Failure
DEBUG:root:Result: Selector: High Level Strategy -> Failure
DEBUG:root:Finish turn

DEBUG:root:Executing:Selector: High Level Strategy
DEBUG:root:Executing:Sequence: Early Game Strategy
DEBUG:root:Executing:Check: check_early_game
DEBUG:root:Result: Check: check_early_game -> Failure
DEBUG:root:Result: Sequence: Early Game Strategy -> Failure
DEBUG:root:Executing:Sequence: Mid Game Strategy
DEBUG:root:Executing:Check: check_mid_game
DEBUG:root:Result: Check: check_mid_game -> Failure
DEBUG:root:Result: Sequence: Mid Game Strategy -> Failure
DEBUG:root:Executing:Sequence: Late Game Strategy
DEBUG:root:Executing:Check: check_late_game
DEBUG:root:Result: Check: check_late_game -> Failure
DEBUG:root:Result: Sequence: Late Game Strategy -> Failure
DEBUG:root:Executing:Action: attack_weakest_enemy_planet
DEBUG:root:Result: Action: attack_weakest_enemy_planet -> Failure
DEBUG:root:Result: Selector: High Level Strategy -> Failure
DEBUG:root:Finish turn

DEBUG:root:Executing:Selector: High Level Strategy
DEBUG:root:Executing:Sequence: Early Game Strategy
DEBUG:root:Executing:Check: check_early_game
DEBUG:root:Result: Check: check_early_game -> Failure
DEBUG:root:Result: Sequence: Early Game Strategy -> Failure
DEBUG:root:Executing:Sequence: Mid Game Strategy
DEBUG:root:Executing:Check: check_mid_game
DEBUG:root:Result: Check: check_mid_game -> Failure
DEBUG:root:Result: Sequence: Mid Game Strategy -> Failure
DEBUG:root:Executing:Sequence: Late Game Strategy
DEBUG:root:Executing:Check: check_late_game
DEBUG:root:Result: Check: check_late_game -> Failure
DEBUG:root:Result: Sequence: Late Game Strategy -> Failure
DEBUG:root:Executing:Action: attack_weakest_enemy_planet
DEBUG:root:Result: Action: attack_weakest_enemy_planet -> Failure
DEBUG:root:Result: Selector: High Level Strategy -> Failure
DEBUG:root:Finish turn

DEBUG:root:Executing:Selector: High Level Strategy
DEBUG:root:Executing:Sequence: Early Game Strategy
DEBUG:root:Executing:Check: check_early_game
DEBUG:root:Result: Check: check_early_game -> Failure
DEBUG:root:Result: Sequence: Early Game Strategy -> Failure
DEBUG:root:Executing:Sequence: Mid Game Strategy
DEBUG:root:Executing:Check: check_mid_game
DEBUG:root:Result: Check: check_mid_game -> Failure
DEBUG:root:Result: Sequence: Mid Game Strategy -> Failure
DEBUG:root:Executing:Sequence: Late Game Strategy
DEBUG:root:Executing:Check: check_late_game
DEBUG:root:Result: Check: check_late_game -> Failure
DEBUG:root:Result: Sequence: Late Game Strategy -> Failure
DEBUG:root:Executing:Action: attack_weakest_enemy_planet
DEBUG:root:Result: Action: attack_weakest_enemy_planet -> Failure
DEBUG:root:Result: Selector: High Level Strategy -> Failure
DEBUG:root:Finish turn

DEBUG:root:Executing:Selector: High Level Strategy
DEBUG:root:Executing:Sequence: Early Game Strategy
DEBUG:root:Executing:Check: check_early_game
DEBUG:root:Result: Check: check_early_game -> Failure
DEBUG:root:Result: Sequence: Early Game Strategy -> Failure
DEBUG:root:Executing:Sequence: Mid Game Strategy
DEBUG:root:Executing:Check: check_mid_game
DEBUG:root:Result: Check: check_mid_game -> Failure
DEBUG:root:Result: Sequence: Mid Game Strategy -> Failure
DEBUG:root:Executing:Sequence: Late Game Strategy
DEBUG:root:Executing:Check: check_late_game
DEBUG:root:Result: Check: check_late_game -> Failure
DEBUG:root:Result: Sequence: Late Game Strategy -> Failure
DEBUG:root:Executing:Action: attack_weakest_enemy_planet
DEBUG:root:Result: Action: attack_weakest_enemy_planet -> Failure
DEBUG:root:Result: Selector: High Level Strategy -> Failure
DEBUG:root:Finish turn

DEBUG:root:Executing:Selector: High Level Strategy
DEBUG:root:Executing:Sequence: Early Game Strategy
DEBUG:root:Executing:Check: check_early_game
DEBUG:root:Result: Check: check_early_game -> Failure
DEBUG:root:Result: Sequence: Early Game Strategy -> Failure
DEBUG:root:Executing:Sequence: Mid Game Strategy
DEBUG:root:Executing:Check: check_mid_game
DEBUG:root:Result: Check: check_mid_game -> Failure
DEBUG:root:Result: Sequence: Mid Game Strategy -> Failure
DEBUG:root:Executing:Sequence: Late Game Strategy
DEBUG:root:Executing:Check: check_late_game
DEBUG:root:Result: Check: check_late_game -> Failure
DEBUG:root:Result: Sequence: Late Game Strategy -> Failure
DEBUG:root:Executing:Action: attack_weakest_enemy_planet
DEBUG:root:Result: Action: attack_weakest_enemy_planet -> Failure
DEBUG:root:Result: Selector: High Level Strategy -> Failure
DEBUG:root:Finish turn

DEBUG:root:Executing:Selector: High Level Strategy
DEBUG:root:Executing:Sequence: Early Game Strategy
DEBUG:root:Executing:Check: check_early_game
DEBUG:root:Result: Check: check_early_game -> Failure
DEBUG:root:Result: Sequence: Early Game Strategy -> Failure
DEBUG:root:Executing:Sequence: Mid Game Strategy
DEBUG:root:Executing:Check: check_mid_game
DEBUG:root:Result: Check: check_mid_game -> Failure
DEBUG:root:Result: Sequence: Mid Game Strategy -> Failure
DEBUG:root:Executing:Sequence: Late Game Strategy
DEBUG:root:Executing:Check: check_late_game
DEBUG:root:Result: Check: check_late_game -> Failure
DEBUG:root:Result: Sequence: Late Game Strategy -> Failure
DEBUG:root:Executing:Action: attack_weakest_enemy_planet
DEBUG:root:Result: Action: attack_weakest_enemy_planet -> Failure
DEBUG:root:Result: Selector: High Level Strategy -> Failure
DEBUG:root:Finish turn

DEBUG:root:Executing:Selector: High Level Strategy
DEBUG:root:Executing:Sequence: Early Game Strategy
DEBUG:root:Executing:Check: check_early_game
DEBUG:root:Result: Check: check_early_game -> Failure
DEBUG:root:Result: Sequence: Early Game Strategy -> Failure
DEBUG:root:Executing:Sequence: Mid Game Strategy
DEBUG:root:Executing:Check: check_mid_game
DEBUG:root:Result: Check: check_mid_game -> Failure
DEBUG:root:Result: Sequence: Mid Game Strategy -> Failure
DEBUG:root:Executing:Sequence: Late Game Strategy
DEBUG:root:Executing:Check: check_late_game
DEBUG:root:Result: Check: check_late_game -> Failure
DEBUG:root:Result: Sequence: Late Game Strategy -> Failure
DEBUG:root:Executing:Action: attack_weakest_enemy_planet
DEBUG:root:Result: Action: attack_weakest_enemy_planet -> Failure
DEBUG:root:Result: Selector: High Level Strategy -> Failure
DEBUG:root:Finish turn

DEBUG:root:Executing:Selector: High Level Strategy
DEBUG:root:Executing:Sequence: Early Game Strategy
DEBUG:root:Executing:Check: check_early_game
DEBUG:root:Result: Check: check_early_game -> Failure
DEBUG:root:Result: Sequence: Early Game Strategy -> Failure
DEBUG:root:Executing:Sequence: Mid Game Strategy
DEBUG:root:Executing:Check: check_mid_game
DEBUG:root:Result: Check: check_mid_game -> Success
DEBUG:root:Executing:Action: coordinated_expansion_strategy
DEBUG:root:Order:1 11 27.0
DEBUG:root:Order:18 11 12.0
DEBUG:root:Order:12 11 4.0
DEBUG:root:Result: Action: coordinated_expansion_strategy -> Success
DEBUG:root:Executing:Action: reinforce_weakest_planet
DEBUG:root:Result: Action: reinforce_weakest_planet -> Failure
DEBUG:root:Result: Sequence: Mid Game Strategy -> Failure
DEBUG:root:Executing:Sequence: Late Game Strategy
DEBUG:root:Executing:Check: check_late_game
DEBUG:root:Result: Check: check_late_game -> Failure
DEBUG:root:Result: Sequence: Late Game Strategy -> Failure
DEBUG:root:Executing:Action: attack_weakest_enemy_planet
DEBUG:root:Result: Action: attack_weakest_enemy_planet -> Failure
DEBUG:root:Result: Selector: High Level Strategy -> Failure
DEBUG:root:Finish turn

DEBUG:root:Executing:Selector: High Level Strategy
DEBUG:root:Executing:Sequence: Early Game Strategy
DEBUG:root:Executing:Check: check_early_game
DEBUG:root:Result: Check: check_early_game -> Failure
DEBUG:root:Result: Sequence: Early Game Strategy -> Failure
DEBUG:root:Executing:Sequence: Mid Game Strategy
DEBUG:root:Executing:Check: check_mid_game
DEBUG:root:Result: Check: check_mid_game -> Failure
DEBUG:root:Result: Sequence: Mid Game Strategy -> Failure
DEBUG:root:Executing:Sequence: Late Game Strategy
DEBUG:root:Executing:Check: check_late_game
DEBUG:root:Result: Check: check_late_game -> Failure
DEBUG:root:Result: Sequence: Late Game Strategy -> Failure
DEBUG:root:Executing:Action: attack_weakest_enemy_planet
DEBUG:root:Result: Action: attack_weakest_enemy_planet -> Failure
DEBUG:root:Result: Selector: High Level Strategy -> Failure
DEBUG:root:Finish turn

DEBUG:root:Executing:Selector: High Level Strategy
DEBUG:root:Executing:Sequence: Early Game Strategy
DEBUG:root:Executing:Check: check_early_game
DEBUG:root:Result: Check: check_early_game -> Failure
DEBUG:root:Result: Sequence: Early Game Strategy -> Failure
DEBUG:root:Executing:Sequence: Mid Game Strategy
DEBUG:root:Executing:Check: check_mid_game
DEBUG:root:Result: Check: check_mid_game -> Failure
DEBUG:root:Result: Sequence: Mid Game Strategy -> Failure
DEBUG:root:Executing:Sequence: Late Game Strategy
DEBUG:root:Executing:Check: check_late_game
DEBUG:root:Result: Check: check_late_game -> Failure
DEBUG:root:Result: Sequence: Late Game Strategy -> Failure
DEBUG:root:Executing:Action: attack_weakest_enemy_planet
DEBUG:root:Result: Action: attack_weakest_enemy_planet -> Failure
DEBUG:root:Result: Selector: High Level Strategy -> Failure
DEBUG:root:Finish turn

DEBUG:root:Executing:Selector: High Level Strategy
DEBUG:root:Executing:Sequence: Early Game Strategy
DEBUG:root:Executing:Check: check_early_game
DEBUG:root:Result: Check: check_early_game -> Failure
DEBUG:root:Result: Sequence: Early Game Strategy -> Failure
DEBUG:root:Executing:Sequence: Mid Game Strategy
DEBUG:root:Executing:Check: check_mid_game
DEBUG:root:Result: Check: check_mid_game -> Failure
DEBUG:root:Result: Sequence: Mid Game Strategy -> Failure
DEBUG:root:Executing:Sequence: Late Game Strategy
DEBUG:root:Executing:Check: check_late_game
DEBUG:root:Result: Check: check_late_game -> Failure
DEBUG:root:Result: Sequence: Late Game Strategy -> Failure
DEBUG:root:Executing:Action: attack_weakest_enemy_planet
DEBUG:root:Result: Action: attack_weakest_enemy_planet -> Failure
DEBUG:root:Result: Selector: High Level Strategy -> Failure
DEBUG:root:Finish turn

DEBUG:root:Executing:Selector: High Level Strategy
DEBUG:root:Executing:Sequence: Early Game Strategy
DEBUG:root:Executing:Check: check_early_game
DEBUG:root:Result: Check: check_early_game -> Failure
DEBUG:root:Result: Sequence: Early Game Strategy -> Failure
DEBUG:root:Executing:Sequence: Mid Game Strategy
DEBUG:root:Executing:Check: check_mid_game
DEBUG:root:Result: Check: check_mid_game -> Failure
DEBUG:root:Result: Sequence: Mid Game Strategy -> Failure
DEBUG:root:Executing:Sequence: Late Game Strategy
DEBUG:root:Executing:Check: check_late_game
DEBUG:root:Result: Check: check_late_game -> Failure
DEBUG:root:Result: Sequence: Late Game Strategy -> Failure
DEBUG:root:Executing:Action: attack_weakest_enemy_planet
DEBUG:root:Result: Action: attack_weakest_enemy_planet -> Failure
DEBUG:root:Result: Selector: High Level Strategy -> Failure
DEBUG:root:Finish turn

DEBUG:root:Executing:Selector: High Level Strategy
DEBUG:root:Executing:Sequence: Early Game Strategy
DEBUG:root:Executing:Check: check_early_game
DEBUG:root:Result: Check: check_early_game -> Failure
DEBUG:root:Result: Sequence: Early Game Strategy -> Failure
DEBUG:root:Executing:Sequence: Mid Game Strategy
DEBUG:root:Executing:Check: check_mid_game
DEBUG:root:Result: Check: check_mid_game -> Failure
DEBUG:root:Result: Sequence: Mid Game Strategy -> Failure
DEBUG:root:Executing:Sequence: Late Game Strategy
DEBUG:root:Executing:Check: check_late_game
DEBUG:root:Result: Check: check_late_game -> Failure
DEBUG:root:Result: Sequence: Late Game Strategy -> Failure
DEBUG:root:Executing:Action: attack_weakest_enemy_planet
DEBUG:root:Result: Action: attack_weakest_enemy_planet -> Failure
DEBUG:root:Result: Selector: High Level Strategy -> Failure
DEBUG:root:Finish turn

DEBUG:root:Executing:Selector: High Level Strategy
DEBUG:root:Executing:Sequence: Early Game Strategy
DEBUG:root:Executing:Check: check_early_game
DEBUG:root:Result: Check: check_early_game -> Failure
DEBUG:root:Result: Sequence: Early Game Strategy -> Failure
DEBUG:root:Executing:Sequence: Mid Game Strategy
DEBUG:root:Executing:Check: check_mid_game
DEBUG:root:Result: Check: check_mid_game -> Success
DEBUG:root:Executing:Action: coordinated_expansion_strategy
DEBUG:root:Order:1 5 29.0
DEBUG:root:Order:11 5 17.0
DEBUG:root:Order:12 5 17.0
DEBUG:root:Order:18 5 12.0
DEBUG:root:Order:17 5 1.0
DEBUG:root:Result: Action: coordinated_expansion_strategy -> Success
DEBUG:root:Executing:Action: reinforce_weakest_planet
DEBUG:root:Result: Action: reinforce_weakest_planet -> Failure
DEBUG:root:Result: Sequence: Mid Game Strategy -> Failure
DEBUG:root:Executing:Sequence: Late Game Strategy
DEBUG:root:Executing:Check: check_late_game
DEBUG:root:Result: Check: check_late_game -> Failure
DEBUG:root:Result: Sequence: Late Game Strategy -> Failure
DEBUG:root:Executing:Action: attack_weakest_enemy_planet
DEBUG:root:Result: Action: attack_weakest_enemy_planet -> Failure
DEBUG:root:Result: Selector: High Level Strategy -> Failure
DEBUG:root:Finish turn

DEBUG:root:Executing:Selector: High Level Strategy
DEBUG:root:Executing:Sequence: Early Game Strategy
DEBUG:root:Executing:Check: check_early_game
DEBUG:root:Result: Check: check_early_game -> Failure
DEBUG:root:Result: Sequence: Early Game Strategy -> Failure
DEBUG:root:Executing:Sequence: Mid Game Strategy
DEBUG:root:Executing:Check: check_mid_game
DEBUG:root:Result: Check: check_mid_game -> Failure
DEBUG:root:Result: Sequence: Mid Game Strategy -> Failure
DEBUG:root:Executing:Sequence: Late Game Strategy
DEBUG:root:Executing:Check: check_late_game
DEBUG:root:Result: Check: check_late_game -> Failure
DEBUG:root:Result: Sequence: Late Game Strategy -> Failure
DEBUG:root:Executing:Action: attack_weakest_enemy_planet
DEBUG:root:Result: Action: attack_weakest_enemy_planet -> Failure
DEBUG:root:Result: Selector: High Level Strategy -> Failure
DEBUG:root:Finish turn

DEBUG:root:Executing:Selector: High Level Strategy
DEBUG:root:Executing:Sequence: Early Game Strategy
DEBUG:root:Executing:Check: check_early_game
DEBUG:root:Result: Check: check_early_game -> Failure
DEBUG:root:Result: Sequence: Early Game Strategy -> Failure
DEBUG:root:Executing:Sequence: Mid Game Strategy
DEBUG:root:Executing:Check: check_mid_game
DEBUG:root:Result: Check: check_mid_game -> Failure
DEBUG:root:Result: Sequence: Mid Game Strategy -> Failure
DEBUG:root:Executing:Sequence: Late Game Strategy
DEBUG:root:Executing:Check: check_late_game
DEBUG:root:Result: Check: check_late_game -> Failure
DEBUG:root:Result: Sequence: Late Game Strategy -> Failure
DEBUG:root:Executing:Action: attack_weakest_enemy_planet
DEBUG:root:Result: Action: attack_weakest_enemy_planet -> Failure
DEBUG:root:Result: Selector: High Level Strategy -> Failure
DEBUG:root:Finish turn

DEBUG:root:Executing:Selector: High Level Strategy
DEBUG:root:Executing:Sequence: Early Game Strategy
DEBUG:root:Executing:Check: check_early_game
DEBUG:root:Result: Check: check_early_game -> Failure
DEBUG:root:Result: Sequence: Early Game Strategy -> Failure
DEBUG:root:Executing:Sequence: Mid Game Strategy
DEBUG:root:Executing:Check: check_mid_game
DEBUG:root:Result: Check: check_mid_game -> Failure
DEBUG:root:Result: Sequence: Mid Game Strategy -> Failure
DEBUG:root:Executing:Sequence: Late Game Strategy
DEBUG:root:Executing:Check: check_late_game
DEBUG:root:Result: Check: check_late_game -> Failure
DEBUG:root:Result: Sequence: Late Game Strategy -> Failure
DEBUG:root:Executing:Action: attack_weakest_enemy_planet
DEBUG:root:Result: Action: attack_weakest_enemy_planet -> Failure
DEBUG:root:Result: Selector: High Level Strategy -> Failure
DEBUG:root:Finish turn

DEBUG:root:Executing:Selector: High Level Strategy
DEBUG:root:Executing:Sequence: Early Game Strategy
DEBUG:root:Executing:Check: check_early_game
DEBUG:root:Result: Check: check_early_game -> Failure
DEBUG:root:Result: Sequence: Early Game Strategy -> Failure
DEBUG:root:Executing:Sequence: Mid Game Strategy
DEBUG:root:Executing:Check: check_mid_game
DEBUG:root:Result: Check: check_mid_game -> Failure
DEBUG:root:Result: Sequence: Mid Game Strategy -> Failure
DEBUG:root:Executing:Sequence: Late Game Strategy
DEBUG:root:Executing:Check: check_late_game
DEBUG:root:Result: Check: check_late_game -> Failure
DEBUG:root:Result: Sequence: Late Game Strategy -> Failure
DEBUG:root:Executing:Action: attack_weakest_enemy_planet
DEBUG:root:Result: Action: attack_weakest_enemy_planet -> Failure
DEBUG:root:Result: Selector: High Level Strategy -> Failure
DEBUG:root:Finish turn

DEBUG:root:Executing:Selector: High Level Strategy
DEBUG:root:Executing:Sequence: Early Game Strategy
DEBUG:root:Executing:Check: check_early_game
DEBUG:root:Result: Check: check_early_game -> Failure
DEBUG:root:Result: Sequence: Early Game Strategy -> Failure
DEBUG:root:Executing:Sequence: Mid Game Strategy
DEBUG:root:Executing:Check: check_mid_game
DEBUG:root:Result: Check: check_mid_game -> Failure
DEBUG:root:Result: Sequence: Mid Game Strategy -> Failure
DEBUG:root:Executing:Sequence: Late Game Strategy
DEBUG:root:Executing:Check: check_late_game
DEBUG:root:Result: Check: check_late_game -> Failure
DEBUG:root:Result: Sequence: Late Game Strategy -> Failure
DEBUG:root:Executing:Action: attack_weakest_enemy_planet
DEBUG:root:Result: Action: attack_weakest_enemy_planet -> Failure
DEBUG:root:Result: Selector: High Level Strategy -> Failure
DEBUG:root:Finish turn

DEBUG:root:Executing:Selector: High Level Strategy
DEBUG:root:Executing:Sequence: Early Game Strategy
DEBUG:root:Executing:Check: check_early_game
DEBUG:root:Result: Check: check_early_game -> Failure
DEBUG:root:Result: Sequence: Early Game Strategy -> Failure
DEBUG:root:Executing:Sequence: Mid Game Strategy
DEBUG:root:Executing:Check: check_mid_game
DEBUG:root:Result: Check: check_mid_game -> Failure
DEBUG:root:Result: Sequence: Mid Game Strategy -> Failure
DEBUG:root:Executing:Sequence: Late Game Strategy
DEBUG:root:Executing:Check: check_late_game
DEBUG:root:Result: Check: check_late_game -> Success
DEBUG:root:Executing:Action: coordinated_attack_strategy
DEBUG:root:Order:11 9 31.0
DEBUG:root:Order:1 9 29.0
DEBUG:root:Order:12 9 17.0
DEBUG:root:Order:18 9 9.0
DEBUG:root:Order:5 9 8.0
DEBUG:root:Result: Action: coordinated_attack_strategy -> Success
DEBUG:root:Executing:Action: reinforce_weakest_planet
DEBUG:root:Result: Action: reinforce_weakest_planet -> Failure
DEBUG:root:Result: Sequence: Late Game Strategy -> Failure
DEBUG:root:Executing:Action: attack_weakest_enemy_planet
DEBUG:root:Result: Action: attack_weakest_enemy_planet -> Failure
DEBUG:root:Result: Selector: High Level Strategy -> Failure
DEBUG:root:Finish turn

DEBUG:root:Executing:Selector: High Level Strategy
DEBUG:root:Executing:Sequence: Early Game Strategy
DEBUG:root:Executing:Check: check_early_game
DEBUG:root:Result: Check: check_early_game -> Failure
DEBUG:root:Result: Sequence: Early Game Strategy -> Failure
DEBUG:root:Executing:Sequence: Mid Game Strategy
DEBUG:root:Executing:Check: check_mid_game
DEBUG:root:Result: Check: check_mid_game -> Failure
DEBUG:root:Result: Sequence: Mid Game Strategy -> Failure
DEBUG:root:Executing:Sequence: Late Game Strategy
DEBUG:root:Executing:Check: check_late_game
DEBUG:root:Result: Check: check_late_game -> Success
DEBUG:root:Executing:Action: coordinated_attack_strategy
DEBUG:root:Order:11 2 32.0
DEBUG:root:Order:1 2 17.0
DEBUG:root:Order:12 2 11.0
DEBUG:root:Order:17 2 8.0
DEBUG:root:Order:18 2 6.0
DEBUG:root:Result: Action: coordinated_attack_strategy -> Success
DEBUG:root:Executing:Action: reinforce_weakest_planet
DEBUG:root:Result: Action: reinforce_weakest_planet -> Failure
DEBUG:root:Result: Sequence: Late Game Strategy -> Failure
DEBUG:root:Executing:Action: attack_weakest_enemy_planet
DEBUG:root:Result: Action: attack_weakest_enemy_planet -> Failure
DEBUG:root:Result: Selector: High Level Strategy -> Failure
DEBUG:root:Finish turn

DEBUG:root:Executing:Selector: High Level Strategy
DEBUG:root:Executing:Sequence: Early Game Strategy
DEBUG:root:Executing:Check: check_early_game
DEBUG:root:Result: Check: check_early_game -> Failure
DEBUG:root:Result: Sequence: Early Game Strategy -> Failure
DEBUG:root:Executing:Sequence: Mid Game Strategy
DEBUG:root:Executing:Check: check_mid_game
DEBUG:root:Result: Check: check_mid_game -> Failure
DEBUG:root:Result: Sequence: Mid Game Strategy -> Failure
DEBUG:root:Executing:Sequence: Late Game Strategy
DEBUG:root:Executing:Check: check_late_game
DEBUG:root:Result: Check: check_late_game -> Failure
DEBUG:root:Result: Sequence: Late Game Strategy -> Failure
DEBUG:root:Executing:Action: attack_weakest_enemy_planet
DEBUG:root:Result: Action: attack_weakest_enemy_planet -> Failure
DEBUG:root:Result: Selector: High Level Strategy -> Failure
DEBUG:root:Finish turn

DEBUG:root:Executing:Selector: High Level Strategy
DEBUG:root:Executing:Sequence: Early Game Strategy
DEBUG:root:Executing:Check: check_early_game
DEBUG:root:Result: Check: check_early_game -> Failure
DEBUG:root:Result: Sequence: Early Game Strategy -> Failure
DEBUG:root:Executing:Sequence: Mid Game Strategy
DEBUG:root:Executing:Check: check_mid_game
DEBUG:root:Result: Check: check_mid_game -> Failure
DEBUG:root:Result: Sequence: Mid Game Strategy -> Failure
DEBUG:root:Executing:Sequence: Late Game Strategy
DEBUG:root:Executing:Check: check_late_game
DEBUG:root:Result: Check: check_late_game -> Failure
DEBUG:root:Result: Sequence: Late Game Strategy -> Failure
DEBUG:root:Executing:Action: attack_weakest_enemy_planet
DEBUG:root:Result: Action: attack_weakest_enemy_planet -> Failure
DEBUG:root:Result: Selector: High Level Strategy -> Failure
DEBUG:root:Finish turn

DEBUG:root:Executing:Selector: High Level Strategy
DEBUG:root:Executing:Sequence: Early Game Strategy
DEBUG:root:Executing:Check: check_early_game
DEBUG:root:Result: Check: check_early_game -> Failure
DEBUG:root:Result: Sequence: Early Game Strategy -> Failure
DEBUG:root:Executing:Sequence: Mid Game Strategy
DEBUG:root:Executing:Check: check_mid_game
DEBUG:root:Result: Check: check_mid_game -> Failure
DEBUG:root:Result: Sequence: Mid Game Strategy -> Failure
DEBUG:root:Executing:Sequence: Late Game Strategy
DEBUG:root:Executing:Check: check_late_game
DEBUG:root:Result: Check: check_late_game -> Failure
DEBUG:root:Result: Sequence: Late Game Strategy -> Failure
DEBUG:root:Executing:Action: attack_weakest_enemy_planet
DEBUG:root:Result: Action: attack_weakest_enemy_planet -> Failure
DEBUG:root:Result: Selector: High Level Strategy -> Failure
DEBUG:root:Finish turn

DEBUG:root:Executing:Selector: High Level Strategy
DEBUG:root:Executing:Sequence: Early Game Strategy
DEBUG:root:Executing:Check: check_early_game
DEBUG:root:Result: Check: check_early_game -> Failure
DEBUG:root:Result: Sequence: Early Game Strategy -> Failure
DEBUG:root:Executing:Sequence: Mid Game Strategy
DEBUG:root:Executing:Check: check_mid_game
DEBUG:root:Result: Check: check_mid_game -> Failure
DEBUG:root:Result: Sequence: Mid Game Strategy -> Failure
DEBUG:root:Executing:Sequence: Late Game Strategy
DEBUG:root:Executing:Check: check_late_game
DEBUG:root:Result: Check: check_late_game -> Failure
DEBUG:root:Result: Sequence: Late Game Strategy -> Failure
DEBUG:root:Executing:Action: attack_weakest_enemy_planet
DEBUG:root:Result: Action: attack_weakest_enemy_planet -> Failure
DEBUG:root:Result: Selector: High Level Strategy -> Failure
DEBUG:root:Finish turn

DEBUG:root:Executing:Selector: High Level Strategy
DEBUG:root:Executing:Sequence: Early Game Strategy
DEBUG:root:Executing:Check: check_early_game
DEBUG:root:Result: Check: check_early_game -> Failure
DEBUG:root:Result: Sequence: Early Game Strategy -> Failure
DEBUG:root:Executing:Sequence: Mid Game Strategy
DEBUG:root:Executing:Check: check_mid_game
DEBUG:root:Result: Check: check_mid_game -> Failure
DEBUG:root:Result: Sequence: Mid Game Strategy -> Failure
DEBUG:root:Executing:Sequence: Late Game Strategy
DEBUG:root:Executing:Check: check_late_game
DEBUG:root:Result: Check: check_late_game -> Failure
DEBUG:root:Result: Sequence: Late Game Strategy -> Failure
DEBUG:root:Executing:Action: attack_weakest_enemy_planet
DEBUG:root:Result: Action: attack_weakest_enemy_planet -> Failure
DEBUG:root:Result: Selector: High Level Strategy -> Failure
DEBUG:root:Finish turn

DEBUG:root:Executing:Selector: High Level Strategy
DEBUG:root:Executing:Sequence: Early Game Strategy
DEBUG:root:Executing:Check: check_early_game
DEBUG:root:Result: Check: check_early_game -> Failure
DEBUG:root:Result: Sequence: Early Game Strategy -> Failure
DEBUG:root:Executing:Sequence: Mid Game Strategy
DEBUG:root:Executing:Check: check_mid_game
DEBUG:root:Result: Check: check_mid_game -> Failure
DEBUG:root:Result: Sequence: Mid Game Strategy -> Failure
DEBUG:root:Executing:Sequence: Late Game Strategy
DEBUG:root:Executing:Check: check_late_game
DEBUG:root:Result: Check: check_late_game -> Failure
DEBUG:root:Result: Sequence: Late Game Strategy -> Failure
DEBUG:root:Executing:Action: attack_weakest_enemy_planet
DEBUG:root:Result: Action: attack_weakest_enemy_planet -> Failure
DEBUG:root:Result: Selector: High Level Strategy -> Failure
DEBUG:root:Finish turn

DEBUG:root:Executing:Selector: High Level Strategy
DEBUG:root:Executing:Sequence: Early Game Strategy
DEBUG:root:Executing:Check: check_early_game
DEBUG:root:Result: Check: check_early_game -> Failure
DEBUG:root:Result: Sequence: Early Game Strategy -> Failure
DEBUG:root:Executing:Sequence: Mid Game Strategy
DEBUG:root:Executing:Check: check_mid_game
DEBUG:root:Result: Check: check_mid_game -> Failure
DEBUG:root:Result: Sequence: Mid Game Strategy -> Failure
DEBUG:root:Executing:Sequence: Late Game Strategy
DEBUG:root:Executing:Check: check_late_game
DEBUG:root:Result: Check: check_late_game -> Failure
DEBUG:root:Result: Sequence: Late Game Strategy -> Failure
DEBUG:root:Executing:Action: attack_weakest_enemy_planet
DEBUG:root:Result: Action: attack_weakest_enemy_planet -> Failure
DEBUG:root:Result: Selector: High Level Strategy -> Failure
DEBUG:root:Finish turn

DEBUG:root:Executing:Selector: High Level Strategy
DEBUG:root:Executing:Sequence: Early Game Strategy
DEBUG:root:Executing:Check: check_early_game
DEBUG:root:Result: Check: check_early_game -> Failure
DEBUG:root:Result: Sequence: Early Game Strategy -> Failure
DEBUG:root:Executing:Sequence: Mid Game Strategy
DEBUG:root:Executing:Check: check_mid_game
DEBUG:root:Result: Check: check_mid_game -> Failure
DEBUG:root:Result: Sequence: Mid Game Strategy -> Failure
DEBUG:root:Executing:Sequence: Late Game Strategy
DEBUG:root:Executing:Check: check_late_game
DEBUG:root:Result: Check: check_late_game -> Failure
DEBUG:root:Result: Sequence: Late Game Strategy -> Failure
DEBUG:root:Executing:Action: attack_weakest_enemy_planet
DEBUG:root:Result: Action: attack_weakest_enemy_planet -> Failure
DEBUG:root:Result: Selector: High Level Strategy -> Failure
DEBUG:root:Finish turn

DEBUG:root:Executing:Selector: High Level Strategy
DEBUG:root:Executing:Sequence: Early Game Strategy
DEBUG:root:Executing:Check: check_early_game
DEBUG:root:Result: Check: check_early_game -> Failure
DEBUG:root:Result: Sequence: Early Game Strategy -> Failure
DEBUG:root:Executing:Sequence: Mid Game Strategy
DEBUG:root:Executing:Check: check_mid_game
DEBUG:root:Result: Check: check_mid_game -> Failure
DEBUG:root:Result: Sequence: Mid Game Strategy -> Failure
DEBUG:root:Executing:Sequence: Late Game Strategy
DEBUG:root:Executing:Check: check_late_game
DEBUG:root:Result: Check: check_late_game -> Failure
DEBUG:root:Result: Sequence: Late Game Strategy -> Failure
DEBUG:root:Executing:Action: attack_weakest_enemy_planet
DEBUG:root:Result: Action: attack_weakest_enemy_planet -> Failure
DEBUG:root:Result: Selector: High Level Strategy -> Failure
DEBUG:root:Finish turn

DEBUG:root:Executing:Selector: High Level Strategy
DEBUG:root:Executing:Sequence: Early Game Strategy
DEBUG:root:Executing:Check: check_early_game
DEBUG:root:Result: Check: check_early_game -> Failure
DEBUG:root:Result: Sequence: Early Game Strategy -> Failure
DEBUG:root:Executing:Sequence: Mid Game Strategy
DEBUG:root:Executing:Check: check_mid_game
DEBUG:root:Result: Check: check_mid_game -> Failure
DEBUG:root:Result: Sequence: Mid Game Strategy -> Failure
DEBUG:root:Executing:Sequence: Late Game Strategy
DEBUG:root:Executing:Check: check_late_game
DEBUG:root:Result: Check: check_late_game -> Failure
DEBUG:root:Result: Sequence: Late Game Strategy -> Failure
DEBUG:root:Executing:Action: attack_weakest_enemy_planet
DEBUG:root:Result: Action: attack_weakest_enemy_planet -> Failure
DEBUG:root:Result: Selector: High Level Strategy -> Failure
DEBUG:root:Finish turn

DEBUG:root:Executing:Selector: High Level Strategy
DEBUG:root:Executing:Sequence: Early Game Strategy
DEBUG:root:Executing:Check: check_early_game
DEBUG:root:Result: Check: check_early_game -> Failure
DEBUG:root:Result: Sequence: Early Game Strategy -> Failure
DEBUG:root:Executing:Sequence: Mid Game Strategy
DEBUG:root:Executing:Check: check_mid_game
DEBUG:root:Result: Check: check_mid_game -> Failure
DEBUG:root:Result: Sequence: Mid Game Strategy -> Failure
DEBUG:root:Executing:Sequence: Late Game Strategy
DEBUG:root:Executing:Check: check_late_game
DEBUG:root:Result: Check: check_late_game -> Success
DEBUG:root:Executing:Action: coordinated_attack_strategy
DEBUG:root:Order:11 17 43.0
DEBUG:root:Order:1 17 36.0
DEBUG:root:Order:12 17 33.0
DEBUG:root:Order:5 17 19.0
DEBUG:root:Order:18 17 14.0
DEBUG:root:Result: Action: coordinated_attack_strategy -> Success
DEBUG:root:Executing:Action: reinforce_weakest_planet
DEBUG:root:Result: Action: reinforce_weakest_planet -> Failure
DEBUG:root:Result: Sequence: Late Game Strategy -> Failure
DEBUG:root:Executing:Action: attack_weakest_enemy_planet
DEBUG:root:Result: Action: attack_weakest_enemy_planet -> Failure
DEBUG:root:Result: Selector: High Level Strategy -> Failure
DEBUG:root:Finish turn

DEBUG:root:Executing:Selector: High Level Strategy
DEBUG:root:Executing:Sequence: Early Game Strategy
DEBUG:root:Executing:Check: check_early_game
DEBUG:root:Result: Check: check_early_game -> Failure
DEBUG:root:Result: Sequence: Early Game Strategy -> Failure
DEBUG:root:Executing:Sequence: Mid Game Strategy
DEBUG:root:Executing:Check: check_mid_game
DEBUG:root:Result: Check: check_mid_game -> Failure
DEBUG:root:Result: Sequence: Mid Game Strategy -> Failure
DEBUG:root:Executing:Sequence: Late Game Strategy
DEBUG:root:Executing:Check: check_late_game
DEBUG:root:Result: Check: check_late_game -> Success
DEBUG:root:Executing:Action: coordinated_attack_strategy
DEBUG:root:Order:11 9 24.0
DEBUG:root:Order:1 9 21.0
DEBUG:root:Order:12 9 19.0
DEBUG:root:Order:2 9 11.0
DEBUG:root:Order:5 9 10.0
DEBUG:root:Result: Action: coordinated_attack_strategy -> Success
DEBUG:root:Executing:Action: reinforce_weakest_planet
DEBUG:root:Result: Action: reinforce_weakest_planet -> Failure
DEBUG:root:Result: Sequence: Late Game Strategy -> Failure
DEBUG:root:Executing:Action: attack_weakest_enemy_planet
DEBUG:root:Result: Action: attack_weakest_enemy_planet -> Failure
DEBUG:root:Result: Selector: High Level Strategy -> Failure
DEBUG:root:Finish turn

DEBUG:root:Executing:Selector: High Level Strategy
DEBUG:root:Executing:Sequence: Early Game Strategy
DEBUG:root:Executing:Check: check_early_game
DEBUG:root:Result: Check: check_early_game -> Failure
DEBUG:root:Result: Sequence: Early Game Strategy -> Failure
DEBUG:root:Executing:Sequence: Mid Game Strategy
DEBUG:root:Executing:Check: check_mid_game
DEBUG:root:Result: Check: check_mid_game -> Failure
DEBUG:root:Result: Sequence: Mid Game Strategy -> Failure
DEBUG:root:Executing:Sequence: Late Game Strategy
DEBUG:root:Executing:Check: check_late_game
DEBUG:root:Result: Check: check_late_game -> Failure
DEBUG:root:Result: Sequence: Late Game Strategy -> Failure
DEBUG:root:Executing:Action: attack_weakest_enemy_planet
DEBUG:root:Result: Action: attack_weakest_enemy_planet -> Failure
DEBUG:root:Result: Selector: High Level Strategy -> Failure
DEBUG:root:Finish turn

DEBUG:root:Executing:Selector: High Level Strategy
DEBUG:root:Executing:Sequence: Early Game Strategy
DEBUG:root:Executing:Check: check_early_game
DEBUG:root:Result: Check: check_early_game -> Failure
DEBUG:root:Result: Sequence: Early Game Strategy -> Failure
DEBUG:root:Executing:Sequence: Mid Game Strategy
DEBUG:root:Executing:Check: check_mid_game
DEBUG:root:Result: Check: check_mid_game -> Failure
DEBUG:root:Result: Sequence: Mid Game Strategy -> Failure
DEBUG:root:Executing:Sequence: Late Game Strategy
DEBUG:root:Executing:Check: check_late_game
DEBUG:root:Result: Check: check_late_game -> Success
DEBUG:root:Executing:Action: coordinated_attack_strategy
DEBUG:root:Order:11 6 17.0
DEBUG:root:Order:2 6 16.0
DEBUG:root:Order:1 6 15.0
DEBUG:root:Order:12 6 14.0
DEBUG:root:Order:18 6 10.0
DEBUG:root:Result: Action: coordinated_attack_strategy -> Success
DEBUG:root:Executing:Action: reinforce_weakest_planet
DEBUG:root:Result: Action: reinforce_weakest_planet -> Failure
DEBUG:root:Result: Sequence: Late Game Strategy -> Failure
DEBUG:root:Executing:Action: attack_weakest_enemy_planet
DEBUG:root:Result: Action: attack_weakest_enemy_planet -> Failure
DEBUG:root:Result: Selector: High Level Strategy -> Failure
DEBUG:root:Finish turn

DEBUG:root:Executing:Selector: High Level Strategy
DEBUG:root:Executing:Sequence: Early Game Strategy
DEBUG:root:Executing:Check: check_early_game
DEBUG:root:Result: Check: check_early_game -> Failure
DEBUG:root:Result: Sequence: Early Game Strategy -> Failure
DEBUG:root:Executing:Sequence: Mid Game Strategy
DEBUG:root:Executing:Check: check_mid_game
DEBUG:root:Result: Check: check_mid_game -> Failure
DEBUG:root:Result: Sequence: Mid Game Strategy -> Failure
DEBUG:root:Executing:Sequence: Late Game Strategy
DEBUG:root:Executing:Check: check_late_game
DEBUG:root:Result: Check: check_late_game -> Success
DEBUG:root:Executing:Action: coordinated_attack_strategy
DEBUG:root:Order:9 6 12.0
DEBUG:root:Order:11 6 11.0
DEBUG:root:Order:1 6 10.0
DEBUG:root:Order:2 6 10.0
DEBUG:root:Order:12 6 10.0
DEBUG:root:Result: Action: coordinated_attack_strategy -> Success
DEBUG:root:Executing:Action: reinforce_weakest_planet
DEBUG:root:Result: Action: reinforce_weakest_planet -> Failure
DEBUG:root:Result: Sequence: Late Game Strategy -> Failure
DEBUG:root:Executing:Action: attack_weakest_enemy_planet
DEBUG:root:Result: Action: attack_weakest_enemy_planet -> Failure
DEBUG:root:Result: Selector: High Level Strategy -> Failure
DEBUG:root:Finish turn

DEBUG:root:Executing:Selector: High Level Strategy
DEBUG:root:Executing:Sequence: Early Game Strategy
DEBUG:root:Executing:Check: check_early_game
DEBUG:root:Result: Check: check_early_game -> Failure
DEBUG:root:Result: Sequence: Early Game Strategy -> Failure
DEBUG:root:Executing:Sequence: Mid Game Strategy
DEBUG:root:Executing:Check: check_mid_game
DEBUG:root:Result: Check: check_mid_game -> Failure
DEBUG:root:Result: Sequence: Mid Game Strategy -> Failure
DEBUG:root:Executing:Sequence: Late Game Strategy
DEBUG:root:Executing:Check: check_late_game
DEBUG:root:Result: Check: check_late_game -> Success
DEBUG:root:Executing:Action: coordinated_attack_strategy
DEBUG:root:Order:5 6 22.0
DEBUG:root:Order:11 6 8.0
DEBUG:root:Order:1 6 8.0
DEBUG:root:Order:2 6 8.0
DEBUG:root:Order:12 6 7.0
DEBUG:root:Result: Action: coordinated_attack_strategy -> Success
DEBUG:root:Executing:Action: reinforce_weakest_planet
DEBUG:root:Result: Action: reinforce_weakest_planet -> Failure
DEBUG:root:Result: Sequence: Late Game Strategy -> Failure
DEBUG:root:Executing:Action: attack_weakest_enemy_planet
DEBUG:root:Result: Action: attack_weakest_enemy_planet -> Failure
DEBUG:root:Result: Selector: High Level Strategy -> Failure
DEBUG:root:Finish turn

DEBUG:root:Executing:Selector: High Level Strategy
DEBUG:root:Executing:Sequence: Early Game Strategy
DEBUG:root:Executing:Check: check_early_game
DEBUG:root:Result: Check: check_early_game -> Failure
DEBUG:root:Result: Sequence: Early Game Strategy -> Failure
DEBUG:root:Executing:Sequence: Mid Game Strategy
DEBUG:root:Executing:Check: check_mid_game
DEBUG:root:Result: Check: check_mid_game -> Failure
DEBUG:root:Result: Sequence: Mid Game Strategy -> Failure
DEBUG:root:Executing:Sequence: Late Game Strategy
DEBUG:root:Executing:Check: check_late_game
DEBUG:root:Result: Check: check_late_game -> Success
DEBUG:root:Executing:Action: coordinated_attack_strategy
DEBUG:root:Order:5 6 11.0
DEBUG:root:Order:2 6 9.0
DEBUG:root:Order:18 6 8.0
DEBUG:root:Order:9 6 7.0
DEBUG:root:Order:11 6 7.0
DEBUG:root:Result: Action: coordinated_attack_strategy -> Success
DEBUG:root:Executing:Action: reinforce_weakest_planet
DEBUG:root:Result: Action: reinforce_weakest_planet -> Failure
DEBUG:root:Result: Sequence: Late Game Strategy -> Failure
DEBUG:root:Executing:Action: attack_weakest_enemy_planet
DEBUG:root:Result: Action: attack_weakest_enemy_planet -> Failure
DEBUG:root:Result: Selector: High Level Strategy -> Failure
DEBUG:root:Finish turn

DEBUG:root:Executing:Selector: High Level Strategy
DEBUG:root:Executing:Sequence: Early Game Strategy
DEBUG:root:Executing:Check: check_early_game
DEBUG:root:Result: Check: check_early_game -> Failure
DEBUG:root:Result: Sequence: Early Game Strategy -> Failure
DEBUG:root:Executing:Sequence: Mid Game Strategy
DEBUG:root:Executing:Check: check_mid_game
DEBUG:root:Result: Check: check_mid_game -> Failure
DEBUG:root:Result: Sequence: Mid Game Strategy -> Failure
DEBUG:root:Executing:Sequence: Late Game Strategy
DEBUG:root:Executing:Check: check_late_game
DEBUG:root:Result: Check: check_late_game -> Success
DEBUG:root:Executing:Action: coordinated_attack_strategy
DEBUG:root:Order:9 6 9.0
DEBUG:root:Order:1 6 9.0
DEBUG:root:Order:12 6 9.0
DEBUG:root:Order:17 6 9.0
DEBUG:root:Order:2 6 7.0
DEBUG:root:Result: Action: coordinated_attack_strategy -> Success
DEBUG:root:Executing:Action: reinforce_weakest_planet
DEBUG:root:Result: Action: reinforce_weakest_planet -> Failure
DEBUG:root:Result: Sequence: Late Game Strategy -> Failure
DEBUG:root:Executing:Action: attack_weakest_enemy_planet
DEBUG:root:Result: Action: attack_weakest_enemy_planet -> Failure
DEBUG:root:Result: Selector: High Level Strategy -> Failure
DEBUG:root:Finish turn

DEBUG:root:Executing:Selector: High Level Strategy
DEBUG:root:Executing:Sequence: Early Game Strategy
DEBUG:root:Executing:Check: check_early_game
DEBUG:root:Result: Check: check_early_game -> Failure
DEBUG:root:Result: Sequence: Early Game Strategy -> Failure
DEBUG:root:Executing:Sequence: Mid Game Strategy
DEBUG:root:Executing:Check: check_mid_game
DEBUG:root:Result: Check: check_mid_game -> Failure
DEBUG:root:Result: Sequence: Mid Game Strategy -> Failure
DEBUG:root:Executing:Sequence: Late Game Strategy
DEBUG:root:Executing:Check: check_late_game
DEBUG:root:Result: Check: check_late_game -> Success
DEBUG:root:Executing:Action: coordinated_attack_strategy
DEBUG:root:Order:11 6 8.0
DEBUG:root:Order:1 6 7.0
DEBUG:root:Order:5 6 7.0
DEBUG:root:Order:12 6 7.0
DEBUG:root:Order:2 6 6.0
DEBUG:root:Result: Action: coordinated_attack_strategy -> Success
DEBUG:root:Executing:Action: reinforce_weakest_planet
DEBUG:root:Result: Action: reinforce_weakest_planet -> Failure
DEBUG:root:Result: Sequence: Late Game Strategy -> Failure
DEBUG:root:Executing:Action: attack_weakest_enemy_planet
DEBUG:root:Result: Action: attack_weakest_enemy_planet -> Failure
DEBUG:root:Result: Selector: High Level Strategy -> Failure
DEBUG:root:Finish turn

DEBUG:root:Executing:Selector: High Level Strategy
DEBUG:root:Executing:Sequence: Early Game Strategy
DEBUG:root:Executing:Check: check_early_game
DEBUG:root:Result: Check: check_early_game -> Failure
DEBUG:root:Result: Sequence: Early Game Strategy -> Failure
DEBUG:root:Executing:Sequence: Mid Game Strategy
DEBUG:root:Executing:Check: check_mid_game
DEBUG:root:Result: Check: check_mid_game -> Failure
DEBUG:root:Result: Sequence: Mid Game Strategy -> Failure
DEBUG:root:Executing:Sequence: Late Game Strategy
DEBUG:root:Executing:Check: check_late_game
DEBUG:root:Result: Check: check_late_game -> Success
DEBUG:root:Executing:Action: coordinated_attack_strategy
DEBUG:root:Order:17 0 28.0
DEBUG:root:Order:9 0 10.0
DEBUG:root:Order:11 0 7.0
DEBUG:root:Order:18 0 7.0
DEBUG:root:Order:1 0 6.0
DEBUG:root:Result: Action: coordinated_attack_strategy -> Success
DEBUG:root:Executing:Action: reinforce_weakest_planet
DEBUG:root:Result: Action: reinforce_weakest_planet -> Failure
DEBUG:root:Result: Sequence: Late Game Strategy -> Failure
DEBUG:root:Executing:Action: attack_weakest_enemy_planet
DEBUG:root:Result: Action: attack_weakest_enemy_planet -> Failure
DEBUG:root:Result: Selector: High Level Strategy -> Failure
DEBUG:root:Finish turn

DEBUG:root:Executing:Selector: High Level Strategy
DEBUG:root:Executing:Sequence: Early Game Strategy
DEBUG:root:Executing:Check: check_early_game
DEBUG:root:Result: Check: check_early_game -> Failure
DEBUG:root:Result: Sequence: Early Game Strategy -> Failure
DEBUG:root:Executing:Sequence: Mid Game Strategy
DEBUG:root:Executing:Check: check_mid_game
DEBUG:root:Result: Check: check_mid_game -> Failure
DEBUG:root:Result: Sequence: Mid Game Strategy -> Failure
DEBUG:root:Executing:Sequence: Late Game Strategy
DEBUG:root:Executing:Check: check_late_game
DEBUG:root:Result: Check: check_late_game -> Success
DEBUG:root:Executing:Action: coordinated_attack_strategy
DEBUG:root:Order:17 0 15.0
DEBUG:root:Order:2 0 8.0
DEBUG:root:Order:12 0 8.0
DEBUG:root:Order:9 0 6.0
DEBUG:root:Order:11 0 6.0
DEBUG:root:Result: Action: coordinated_attack_strategy -> Success
DEBUG:root:Executing:Action: reinforce_weakest_planet
DEBUG:root:Result: Action: reinforce_weakest_planet -> Failure
DEBUG:root:Result: Sequence: Late Game Strategy -> Failure
DEBUG:root:Executing:Action: attack_weakest_enemy_planet
DEBUG:root:Result: Action: attack_weakest_enemy_planet -> Failure
DEBUG:root:Result: Selector: High Level Strategy -> Failure
DEBUG:root:Finish turn

DEBUG:root:Executing:Selector: High Level Strategy
DEBUG:root:Executing:Sequence: Early Game Strategy
DEBUG:root:Executing:Check: check_early_game
DEBUG:root:Result: Check: check_early_game -> Failure
DEBUG:root:Result: Sequence: Early Game Strategy -> Failure
DEBUG:root:Executing:Sequence: Mid Game Strategy
DEBUG:root:Executing:Check: check_mid_game
DEBUG:root:Result: Check: check_mid_game -> Failure
DEBUG:root:Result: Sequence: Mid Game Strategy -> Failure
DEBUG:root:Executing:Sequence: Late Game Strategy
DEBUG:root:Executing:Check: check_late_game
DEBUG:root:Result: Check: check_late_game -> Success
DEBUG:root:Executing:Action: coordinated_attack_strategy
DEBUG:root:Order:2 0 15.0
DEBUG:root:Order:17 0 8.0
DEBUG:root:Order:1 0 8.0
DEBUG:root:Order:12 0 7.0
DEBUG:root:Order:11 0 5.0
DEBUG:root:Result: Action: coordinated_attack_strategy -> Success
DEBUG:root:Executing:Action: reinforce_weakest_planet
DEBUG:root:Result: Action: reinforce_weakest_planet -> Failure
DEBUG:root:Result: Sequence: Late Game Strategy -> Failure
DEBUG:root:Executing:Action: attack_weakest_enemy_planet
DEBUG:root:Result: Action: attack_weakest_enemy_planet -> Failure
DEBUG:root:Result: Selector: High Level Strategy -> Failure
DEBUG:root:Finish turn

DEBUG:root:Executing:Selector: High Level Strategy
DEBUG:root:Executing:Sequence: Early Game Strategy
DEBUG:root:Executing:Check: check_early_game
DEBUG:root:Result: Check: check_early_game -> Failure
DEBUG:root:Result: Sequence: Early Game Strategy -> Failure
DEBUG:root:Executing:Sequence: Mid Game Strategy
DEBUG:root:Executing:Check: check_mid_game
DEBUG:root:Result: Check: check_mid_game -> Failure
DEBUG:root:Result: Sequence: Mid Game Strategy -> Failure
DEBUG:root:Executing:Sequence: Late Game Strategy
DEBUG:root:Executing:Check: check_late_game
DEBUG:root:Result: Check: check_late_game -> Success
DEBUG:root:Executing:Action: coordinated_attack_strategy
DEBUG:root:Order:9 0 18.0
DEBUG:root:Order:2 0 10.0
DEBUG:root:Order:1 0 6.0
DEBUG:root:Order:18 0 6.0
DEBUG:root:Order:12 0 6.0
DEBUG:root:Result: Action: coordinated_attack_strategy -> Success
DEBUG:root:Executing:Action: reinforce_weakest_planet
DEBUG:root:Result: Action: reinforce_weakest_planet -> Failure
DEBUG:root:Result: Sequence: Late Game Strategy -> Failure
DEBUG:root:Executing:Action: attack_weakest_enemy_planet
DEBUG:root:Result: Action: attack_weakest_enemy_planet -> Failure
DEBUG:root:Result: Selector: High Level Strategy -> Failure
DEBUG:root:Finish turn

DEBUG:root:Executing:Selector: High Level Strategy
DEBUG:root:Executing:Sequence: Early Game Strategy
DEBUG:root:Executing:Check: check_early_game
DEBUG:root:Result: Check: check_early_game -> Failure
DEBUG:root:Result: Sequence: Early Game Strategy -> Failure
DEBUG:root:Executing:Sequence: Mid Game Strategy
DEBUG:root:Executing:Check: check_mid_game
DEBUG:root:Result: Check: check_mid_game -> Failure
DEBUG:root:Result: Sequence: Mid Game Strategy -> Failure
DEBUG:root:Executing:Sequence: Late Game Strategy
DEBUG:root:Executing:Check: check_late_game
DEBUG:root:Result: Check: check_late_game -> Success
DEBUG:root:Executing:Action: coordinated_attack_strategy
DEBUG:root:Order:9 0 10.0
DEBUG:root:Order:2 0 8.0
DEBUG:root:Order:11 0 8.0
DEBUG:root:Order:17 0 6.0
DEBUG:root:Order:1 0 6.0
DEBUG:root:Result: Action: coordinated_attack_strategy -> Success
DEBUG:root:Executing:Action: reinforce_weakest_planet
DEBUG:root:Result: Action: reinforce_weakest_planet -> Failure
DEBUG:root:Result: Sequence: Late Game Strategy -> Failure
DEBUG:root:Executing:Action: attack_weakest_enemy_planet
DEBUG:root:Result: Action: attack_weakest_enemy_planet -> Failure
DEBUG:root:Result: Selector: High Level Strategy -> Failure
DEBUG:root:Finish turn

DEBUG:root:Executing:Selector: High Level Strategy
DEBUG:root:Executing:Sequence: Early Game Strategy
DEBUG:root:Executing:Check: check_early_game
DEBUG:root:Result: Check: check_early_game -> Failure
DEBUG:root:Result: Sequence: Early Game Strategy -> Failure
DEBUG:root:Executing:Sequence: Mid Game Strategy
DEBUG:root:Executing:Check: check_mid_game
DEBUG:root:Result: Check: check_mid_game -> Failure
DEBUG:root:Result: Sequence: Mid Game Strategy -> Failure
DEBUG:root:Executing:Sequence: Late Game Strategy
DEBUG:root:Executing:Check: check_late_game
DEBUG:root:Result: Check: check_late_game -> Success
DEBUG:root:Executing:Action: coordinated_attack_strategy
DEBUG:root:Result: Action: coordinated_attack_strategy -> Failure
DEBUG:root:Result: Sequence: Late Game Strategy -> Failure
DEBUG:root:Executing:Action: attack_weakest_enemy_planet
DEBUG:root:Result: Action: attack_weakest_enemy_planet -> Failure
DEBUG:root:Result: Selector: High Level Strategy -> Failure
DEBUG:root:Finish turn

DEBUG:root:Executing:Selector: High Level Strategy
DEBUG:root:Executing:Sequence: Early Game Strategy
DEBUG:root:Executing:Check: check_early_game
DEBUG:root:Result: Check: check_early_game -> Failure
DEBUG:root:Result: Sequence: Early Game Strategy -> Failure
DEBUG:root:Executing:Sequence: Mid Game Strategy
DEBUG:root:Executing:Check: check_mid_game
DEBUG:root:Result: Check: check_mid_game -> Failure
DEBUG:root:Result: Sequence: Mid Game Strategy -> Failure
DEBUG:root:Executing:Sequence: Late Game Strategy
DEBUG:root:Executing:Check: check_late_game
DEBUG:root:Result: Check: check_late_game -> Success
DEBUG:root:Executing:Action: coordinated_attack_strategy
DEBUG:root:Result: Action: coordinated_attack_strategy -> Failure
DEBUG:root:Result: Sequence: Late Game Strategy -> Failure
DEBUG:root:Executing:Action: attack_weakest_enemy_planet
DEBUG:root:Result: Action: attack_weakest_enemy_planet -> Failure
DEBUG:root:Result: Selector: High Level Strategy -> Failure
DEBUG:root:Finish turn

DEBUG:root:Executing:Selector: High Level Strategy
DEBUG:root:Executing:Sequence: Early Game Strategy
DEBUG:root:Executing:Check: check_early_game
DEBUG:root:Result: Check: check_early_game -> Failure
DEBUG:root:Result: Sequence: Early Game Strategy -> Failure
DEBUG:root:Executing:Sequence: Mid Game Strategy
DEBUG:root:Executing:Check: check_mid_game
DEBUG:root:Result: Check: check_mid_game -> Failure
DEBUG:root:Result: Sequence: Mid Game Strategy -> Failure
DEBUG:root:Executing:Sequence: Late Game Strategy
DEBUG:root:Executing:Check: check_late_game
DEBUG:root:Result: Check: check_late_game -> Success
DEBUG:root:Executing:Action: coordinated_attack_strategy
DEBUG:root:Result: Action: coordinated_attack_strategy -> Failure
DEBUG:root:Result: Sequence: Late Game Strategy -> Failure
DEBUG:root:Executing:Action: attack_weakest_enemy_planet
DEBUG:root:Result: Action: attack_weakest_enemy_planet -> Failure
DEBUG:root:Result: Selector: High Level Strategy -> Failure
DEBUG:root:Finish turn

DEBUG:root:Executing:Selector: High Level Strategy
DEBUG:root:Executing:Sequence: Early Game Strategy
DEBUG:root:Executing:Check: check_early_game
DEBUG:root:Result: Check: check_early_game -> Failure
DEBUG:root:Result: Sequence: Early Game Strategy -> Failure
DEBUG:root:Executing:Sequence: Mid Game Strategy
DEBUG:root:Executing:Check: check_mid_game
DEBUG:root:Result: Check: check_mid_game -> Failure
DEBUG:root:Result: Sequence: Mid Game Strategy -> Failure
DEBUG:root:Executing:Sequence: Late Game Strategy
DEBUG:root:Executing:Check: check_late_game
DEBUG:root:Result: Check: check_late_game -> Success
DEBUG:root:Executing:Action: coordinated_attack_strategy
DEBUG:root:Order:0 5 45.0
DEBUG:root:Order:17 5 42.0
DEBUG:root:Order:9 5 33.0
DEBUG:root:Order:6 5 27.0
DEBUG:root:Order:12 5 15.0
DEBUG:root:Result: Action: coordinated_attack_strategy -> Success
DEBUG:root:Executing:Action: reinforce_weakest_planet
DEBUG:root:Result: Action: reinforce_weakest_planet -> Failure
DEBUG:root:Result: Sequence: Late Game Strategy -> Failure
DEBUG:root:Executing:Action: attack_weakest_enemy_planet
DEBUG:root:Result: Action: attack_weakest_enemy_planet -> Failure
DEBUG:root:Result: Selector: High Level Strategy -> Failure
DEBUG:root:Finish turn

DEBUG:root:Executing:Selector: High Level Strategy
DEBUG:root:Executing:Sequence: Early Game Strategy
DEBUG:root:Executing:Check: check_early_game
DEBUG:root:Result: Check: check_early_game -> Failure
DEBUG:root:Result: Sequence: Early Game Strategy -> Failure
DEBUG:root:Executing:Sequence: Mid Game Strategy
DEBUG:root:Executing:Check: check_mid_game
DEBUG:root:Result: Check: check_mid_game -> Failure
DEBUG:root:Result: Sequence: Mid Game Strategy -> Failure
DEBUG:root:Executing:Sequence: Late Game Strategy
DEBUG:root:Executing:Check: check_late_game
DEBUG:root:Result: Check: check_late_game -> Success
DEBUG:root:Executing:Action: coordinated_attack_strategy
DEBUG:root:Order:0 5 28.0
DEBUG:root:Order:6 5 28.0
DEBUG:root:Order:17 5 22.0
DEBUG:root:Order:9 5 17.0
DEBUG:root:Order:2 5 16.0
DEBUG:root:Result: Action: coordinated_attack_strategy -> Success
DEBUG:root:Executing:Action: reinforce_weakest_planet
DEBUG:root:Result: Action: reinforce_weakest_planet -> Failure
DEBUG:root:Result: Sequence: Late Game Strategy -> Failure
DEBUG:root:Executing:Action: attack_weakest_enemy_planet
DEBUG:root:Result: Action: attack_weakest_enemy_planet -> Failure
DEBUG:root:Result: Selector: High Level Strategy -> Failure
DEBUG:root:Finish turn

DEBUG:root:Executing:Selector: High Level Strategy
DEBUG:root:Executing:Sequence: Early Game Strategy
DEBUG:root:Executing:Check: check_early_game
DEBUG:root:Result: Check: check_early_game -> Failure
DEBUG:root:Result: Sequence: Early Game Strategy -> Failure
DEBUG:root:Executing:Sequence: Mid Game Strategy
DEBUG:root:Executing:Check: check_mid_game
DEBUG:root:Result: Check: check_mid_game -> Failure
DEBUG:root:Result: Sequence: Mid Game Strategy -> Failure
DEBUG:root:Executing:Sequence: Late Game Strategy
DEBUG:root:Executing:Check: check_late_game
DEBUG:root:Result: Check: check_late_game -> Success
DEBUG:root:Executing:Action: coordinated_attack_strategy
DEBUG:root:Order:6 5 21.0
DEBUG:root:Order:11 5 19.0
DEBUG:root:Order:0 5 18.0
DEBUG:root:Order:1 5 18.0
DEBUG:root:Order:12 5 13.0
DEBUG:root:Result: Action: coordinated_attack_strategy -> Success
DEBUG:root:Executing:Action: reinforce_weakest_planet
DEBUG:root:Result: Action: reinforce_weakest_planet -> Failure
DEBUG:root:Result: Sequence: Late Game Strategy -> Failure
DEBUG:root:Executing:Action: attack_weakest_enemy_planet
DEBUG:root:Result: Action: attack_weakest_enemy_planet -> Failure
DEBUG:root:Result: Selector: High Level Strategy -> Failure
DEBUG:root:Finish turn

DEBUG:root:Executing:Selector: High Level Strategy
DEBUG:root:Executing:Sequence: Early Game Strategy
DEBUG:root:Executing:Check: check_early_game
DEBUG:root:Result: Check: check_early_game -> Failure
DEBUG:root:Result: Sequence: Early Game Strategy -> Failure
DEBUG:root:Executing:Sequence: Mid Game Strategy
DEBUG:root:Executing:Check: check_mid_game
DEBUG:root:Result: Check: check_mid_game -> Failure
DEBUG:root:Result: Sequence: Mid Game Strategy -> Failure
DEBUG:root:Executing:Sequence: Late Game Strategy
DEBUG:root:Executing:Check: check_late_game
DEBUG:root:Result: Check: check_late_game -> Success
DEBUG:root:Executing:Action: coordinated_attack_strategy
DEBUG:root:Order:6 5 20.0
DEBUG:root:Order:0 5 17.0
DEBUG:root:Order:2 5 13.0
DEBUG:root:Order:17 5 13.0
DEBUG:root:Order:11 5 12.0
DEBUG:root:Result: Action: coordinated_attack_strategy -> Success
DEBUG:root:Executing:Action: reinforce_weakest_planet
DEBUG:root:Result: Action: reinforce_weakest_planet -> Failure
DEBUG:root:Result: Sequence: Late Game Strategy -> Failure
DEBUG:root:Executing:Action: attack_weakest_enemy_planet
DEBUG:root:Result: Action: attack_weakest_enemy_planet -> Failure
DEBUG:root:Result: Selector: High Level Strategy -> Failure
DEBUG:root:Finish turn

DEBUG:root:Executing:Selector: High Level Strategy
DEBUG:root:Executing:Sequence: Early Game Strategy
DEBUG:root:Executing:Check: check_early_game
DEBUG:root:Result: Check: check_early_game -> Failure
DEBUG:root:Result: Sequence: Early Game Strategy -> Failure
DEBUG:root:Executing:Sequence: Mid Game Strategy
DEBUG:root:Executing:Check: check_mid_game
DEBUG:root:Result: Check: check_mid_game -> Failure
DEBUG:root:Result: Sequence: Mid Game Strategy -> Failure
DEBUG:root:Executing:Sequence: Late Game Strategy
DEBUG:root:Executing:Check: check_late_game
DEBUG:root:Result: Check: check_late_game -> Success
DEBUG:root:Executing:Action: coordinated_attack_strategy
DEBUG:root:Order:6 5 20.0
DEBUG:root:Order:0 5 14.0
DEBUG:root:Order:1 5 14.0
DEBUG:root:Order:18 5 12.0
DEBUG:root:Order:12 5 11.0
DEBUG:root:Result: Action: coordinated_attack_strategy -> Success
DEBUG:root:Executing:Action: reinforce_weakest_planet
DEBUG:root:Result: Action: reinforce_weakest_planet -> Failure
DEBUG:root:Result: Sequence: Late Game Strategy -> Failure
DEBUG:root:Executing:Action: attack_weakest_enemy_planet
DEBUG:root:Result: Action: attack_weakest_enemy_planet -> Failure
DEBUG:root:Result: Selector: High Level Strategy -> Failure
DEBUG:root:Finish turn

DEBUG:root:Executing:Selector: High Level Strategy
DEBUG:root:Executing:Sequence: Early Game Strategy
DEBUG:root:Executing:Check: check_early_game
DEBUG:root:Result: Check: check_early_game -> Failure
DEBUG:root:Result: Sequence: Early Game Strategy -> Failure
DEBUG:root:Executing:Sequence: Mid Game Strategy
DEBUG:root:Executing:Check: check_mid_game
DEBUG:root:Result: Check: check_mid_game -> Failure
DEBUG:root:Result: Sequence: Mid Game Strategy -> Failure
DEBUG:root:Executing:Sequence: Late Game Strategy
DEBUG:root:Executing:Check: check_late_game
DEBUG:root:Result: Check: check_late_game -> Success
DEBUG:root:Executing:Action: coordinated_attack_strategy
DEBUG:root:Order:0 5 20.0
DEBUG:root:Order:6 5 14.0
DEBUG:root:Order:2 5 12.0
DEBUG:root:Order:9 5 11.0
DEBUG:root:Order:11 5 11.0
DEBUG:root:Result: Action: coordinated_attack_strategy -> Success
DEBUG:root:Executing:Action: reinforce_weakest_planet
DEBUG:root:Result: Action: reinforce_weakest_planet -> Failure
DEBUG:root:Result: Sequence: Late Game Strategy -> Failure
DEBUG:root:Executing:Action: attack_weakest_enemy_planet
DEBUG:root:Result: Action: attack_weakest_enemy_planet -> Failure
DEBUG:root:Result: Selector: High Level Strategy -> Failure
DEBUG:root:Finish turn

DEBUG:root:Executing:Selector: High Level Strategy
DEBUG:root:Executing:Sequence: Early Game Strategy
DEBUG:root:Executing:Check: check_early_game
DEBUG:root:Result: Check: check_early_game -> Failure
DEBUG:root:Result: Sequence: Early Game Strategy -> Failure
DEBUG:root:Executing:Sequence: Mid Game Strategy
DEBUG:root:Executing:Check: check_mid_game
DEBUG:root:Result: Check: check_mid_game -> Failure
DEBUG:root:Result: Sequence: Mid Game Strategy -> Failure
DEBUG:root:Executing:Sequence: Late Game Strategy
DEBUG:root:Executing:Check: check_late_game
DEBUG:root:Result: Check: check_late_game -> Success
DEBUG:root:Executing:Action: coordinated_attack_strategy
DEBUG:root:Order:0 5 24.0
DEBUG:root:Order:6 5 16.0
DEBUG:root:Order:1 5 12.0
DEBUG:root:Order:12 5 11.0
DEBUG:root:Order:17 5 9.0
DEBUG:root:Result: Action: coordinated_attack_strategy -> Success
DEBUG:root:Executing:Action: reinforce_weakest_planet
DEBUG:root:Result: Action: reinforce_weakest_planet -> Failure
DEBUG:root:Result: Sequence: Late Game Strategy -> Failure
DEBUG:root:Executing:Action: attack_weakest_enemy_planet
DEBUG:root:Result: Action: attack_weakest_enemy_planet -> Failure
DEBUG:root:Result: Selector: High Level Strategy -> Failure
DEBUG:root:Finish turn

DEBUG:root:Executing:Selector: High Level Strategy
DEBUG:root:Executing:Sequence: Early Game Strategy
DEBUG:root:Executing:Check: check_early_game
DEBUG:root:Result: Check: check_early_game -> Failure
DEBUG:root:Result: Sequence: Early Game Strategy -> Failure
DEBUG:root:Executing:Sequence: Mid Game Strategy
DEBUG:root:Executing:Check: check_mid_game
DEBUG:root:Result: Check: check_mid_game -> Failure
DEBUG:root:Result: Sequence: Mid Game Strategy -> Failure
DEBUG:root:Executing:Sequence: Late Game Strategy
DEBUG:root:Executing:Check: check_late_game
DEBUG:root:Result: Check: check_late_game -> Success
DEBUG:root:Executing:Action: coordinated_attack_strategy
DEBUG:root:Order:0 5 24.0
DEBUG:root:Order:2 5 11.0
DEBUG:root:Order:11 5 10.0
DEBUG:root:Order:18 5 9.0
DEBUG:root:Order:1 5 8.0
DEBUG:root:Result: Action: coordinated_attack_strategy -> Success
DEBUG:root:Executing:Action: reinforce_weakest_planet
DEBUG:root:Result: Action: reinforce_weakest_planet -> Failure
DEBUG:root:Result: Sequence: Late Game Strategy -> Failure
DEBUG:root:Executing:Action: attack_weakest_enemy_planet
DEBUG:root:Result: Action: attack_weakest_enemy_planet -> Failure
DEBUG:root:Result: Selector: High Level Strategy -> Failure
DEBUG:root:Finish turn

DEBUG:root:Executing:Selector: High Level Strategy
DEBUG:root:Executing:Sequence: Early Game Strategy
DEBUG:root:Executing:Check: check_early_game
DEBUG:root:Result: Check: check_early_game -> Failure
DEBUG:root:Result: Sequence: Early Game Strategy -> Failure
DEBUG:root:Executing:Sequence: Mid Game Strategy
DEBUG:root:Executing:Check: check_mid_game
DEBUG:root:Result: Check: check_mid_game -> Failure
DEBUG:root:Result: Sequence: Mid Game Strategy -> Failure
DEBUG:root:Executing:Sequence: Late Game Strategy
DEBUG:root:Executing:Check: check_late_game
DEBUG:root:Result: Check: check_late_game -> Success
DEBUG:root:Executing:Action: coordinated_attack_strategy
DEBUG:root:Order:9 5 17.0
DEBUG:root:Order:0 5 13.0
DEBUG:root:Order:6 5 13.0
DEBUG:root:Order:12 5 10.0
DEBUG:root:Order:2 5 8.0
DEBUG:root:Result: Action: coordinated_attack_strategy -> Success
DEBUG:root:Executing:Action: reinforce_weakest_planet
DEBUG:root:Result: Action: reinforce_weakest_planet -> Failure
DEBUG:root:Result: Sequence: Late Game Strategy -> Failure
DEBUG:root:Executing:Action: attack_weakest_enemy_planet
DEBUG:root:Result: Action: attack_weakest_enemy_planet -> Failure
DEBUG:root:Result: Selector: High Level Strategy -> Failure
DEBUG:root:Finish turn

DEBUG:root:Executing:Selector: High Level Strategy
DEBUG:root:Executing:Sequence: Early Game Strategy
DEBUG:root:Executing:Check: check_early_game
DEBUG:root:Result: Check: check_early_game -> Failure
DEBUG:root:Result: Sequence: Early Game Strategy -> Failure
DEBUG:root:Executing:Sequence: Mid Game Strategy
DEBUG:root:Executing:Check: check_mid_game
DEBUG:root:Result: Check: check_mid_game -> Failure
DEBUG:root:Result: Sequence: Mid Game Strategy -> Failure
DEBUG:root:Executing:Sequence: Late Game Strategy
DEBUG:root:Executing:Check: check_late_game
DEBUG:root:Result: Check: check_late_game -> Success
DEBUG:root:Executing:Action: coordinated_attack_strategy
DEBUG:root:Order:6 5 21.0
DEBUG:root:Order:0 5 17.0
DEBUG:root:Order:11 5 10.0
DEBUG:root:Order:1 5 9.0
DEBUG:root:Order:9 5 9.0
DEBUG:root:Result: Action: coordinated_attack_strategy -> Success
DEBUG:root:Executing:Action: reinforce_weakest_planet
DEBUG:root:Result: Action: reinforce_weakest_planet -> Failure
DEBUG:root:Result: Sequence: Late Game Strategy -> Failure
DEBUG:root:Executing:Action: attack_weakest_enemy_planet
DEBUG:root:Result: Action: attack_weakest_enemy_planet -> Failure
DEBUG:root:Result: Selector: High Level Strategy -> Failure
DEBUG:root:Finish turn

DEBUG:root:Executing:Selector: High Level Strategy
DEBUG:root:Executing:Sequence: Early Game Strategy
DEBUG:root:Executing:Check: check_early_game
DEBUG:root:Result: Check: check_early_game -> Failure
DEBUG:root:Result: Sequence: Early Game Strategy -> Failure
DEBUG:root:Executing:Sequence: Mid Game Strategy
DEBUG:root:Executing:Check: check_mid_game
DEBUG:root:Result: Check: check_mid_game -> Failure
DEBUG:root:Result: Sequence: Mid Game Strategy -> Failure
DEBUG:root:Executing:Sequence: Late Game Strategy
DEBUG:root:Executing:Check: check_late_game
DEBUG:root:Result: Check: check_late_game -> Success
DEBUG:root:Executing:Action: coordinated_attack_strategy
DEBUG:root:Order:6 5 16.0
DEBUG:root:Order:0 5 15.0
DEBUG:root:Order:12 5 10.0
DEBUG:root:Order:2 5 9.0
DEBUG:root:Order:17 5 9.0
DEBUG:root:Result: Action: coordinated_attack_strategy -> Success
DEBUG:root:Executing:Action: reinforce_weakest_planet
DEBUG:root:Result: Action: reinforce_weakest_planet -> Failure
DEBUG:root:Result: Sequence: Late Game Strategy -> Failure
DEBUG:root:Executing:Action: attack_weakest_enemy_planet
DEBUG:root:Result: Action: attack_weakest_enemy_planet -> Failure
DEBUG:root:Result: Selector: High Level Strategy -> Failure
DEBUG:root:Finish turn

DEBUG:root:Executing:Selector: High Level Strategy
DEBUG:root:Executing:Sequence: Early Game Strategy
DEBUG:root:Executing:Check: check_early_game
DEBUG:root:Result: Check: check_early_game -> Failure
DEBUG:root:Result: Sequence: Early Game Strategy -> Failure
DEBUG:root:Executing:Sequence: Mid Game Strategy
DEBUG:root:Executing:Check: check_mid_game
DEBUG:root:Result: Check: check_mid_game -> Failure
DEBUG:root:Result: Sequence: Mid Game Strategy -> Failure
DEBUG:root:Executing:Sequence: Late Game Strategy
DEBUG:root:Executing:Check: check_late_game
DEBUG:root:Result: Check: check_late_game -> Success
DEBUG:root:Executing:Action: coordinated_attack_strategy
DEBUG:root:Order:6 5 16.0
DEBUG:root:Order:11 5 10.0
DEBUG:root:Order:1 5 10.0
DEBUG:root:Order:0 5 9.0
DEBUG:root:Order:18 5 9.0
DEBUG:root:Result: Action: coordinated_attack_strategy -> Success
DEBUG:root:Executing:Action: reinforce_weakest_planet
DEBUG:root:Result: Action: reinforce_weakest_planet -> Failure
DEBUG:root:Result: Sequence: Late Game Strategy -> Failure
DEBUG:root:Executing:Action: attack_weakest_enemy_planet
DEBUG:root:Result: Action: attack_weakest_enemy_planet -> Failure
DEBUG:root:Result: Selector: High Level Strategy -> Failure
DEBUG:root:Finish turn

DEBUG:root:Executing:Selector: High Level Strategy
DEBUG:root:Executing:Sequence: Early Game Strategy
DEBUG:root:Executing:Check: check_early_game
DEBUG:root:Result: Check: check_early_game -> Failure
DEBUG:root:Result: Sequence: Early Game Strategy -> Failure
DEBUG:root:Executing:Sequence: Mid Game Strategy
DEBUG:root:Executing:Check: check_mid_game
DEBUG:root:Result: Check: check_mid_game -> Failure
DEBUG:root:Result: Sequence: Mid Game Strategy -> Failure
DEBUG:root:Executing:Sequence: Late Game Strategy
DEBUG:root:Executing:Check: check_late_game
DEBUG:root:Result: Check: check_late_game -> Success
DEBUG:root:Executing:Action: coordinated_attack_strategy
DEBUG:root:Order:6 5 17.0
DEBUG:root:Order:12 5 10.0
DEBUG:root:Order:2 5 9.0
DEBUG:root:Order:11 5 8.0
DEBUG:root:Order:1 5 7.0
DEBUG:root:Result: Action: coordinated_attack_strategy -> Success
DEBUG:root:Executing:Action: reinforce_weakest_planet
DEBUG:root:Result: Action: reinforce_weakest_planet -> Failure
DEBUG:root:Result: Sequence: Late Game Strategy -> Failure
DEBUG:root:Executing:Action: attack_weakest_enemy_planet
DEBUG:root:Result: Action: attack_weakest_enemy_planet -> Failure
DEBUG:root:Result: Selector: High Level Strategy -> Failure
DEBUG:root:Finish turn

